2023-03-13 03:07:55,080 DEBUG Hello, world!
2023-03-13 03:09:03,883 DEBUG Hello, world!
2023-03-13 04:00:56,608 DEBUG Using proactor: IocpProactor
2023-03-13 04:01:21,805 DEBUG Using proactor: IocpProactor
2023-03-13 04:02:08,425 DEBUG Using proactor: IocpProactor
2023-03-13 04:05:55,644 DEBUG Using proactor: IocpProactor
2023-03-13 04:13:42,786 DEBUG Using proactor: IocpProactor
2023-03-13 04:15:03,094 DEBUG Using selector: SelectSelector
2023-03-13 04:15:03,247 DEBUG 6 changes detected: {(<Change.deleted: 3>, 'C:\\Users\\Michael\\Documents\\GitHub\\sql_injection_detection\\__pycache__\\main.cpython-310.pyc'), (<Change.deleted: 3>, 'C:\\Users\\Michael\\Documents\\GitHub\\sql_injection_detection\\__pycache__\\main.cpython-310.pyc.2587961221328'), (<Change.added: 1>, 'C:\\Users\\Michael\\Documents\\GitHub\\sql_injection_detection\\__pycache__\\main.cpython-310.pyc'), (<Change.modified: 2>, 'C:\\Users\\Michael\\Documents\\GitHub\\sql_injection_detection\\myapp.log'), (<Change.added: 1>, 'C:\\Users\\Michael\\Documents\\GitHub\\sql_injection_detection\\__pycache__\\main.cpython-310.pyc.2587961221328'), (<Change.modified: 2>, 'C:\\Users\\Michael\\Documents\\GitHub\\sql_injection_detection\\__pycache__')}
2023-03-13 04:15:03,591 DEBUG 1 change detected: {(<Change.modified: 2>, 'C:\\Users\\Michael\\Documents\\GitHub\\sql_injection_detection\\myapp.log')}
2023-03-13 04:15:03,967 DEBUG 1 change detected: {(<Change.modified: 2>, 'C:\\Users\\Michael\\Documents\\GitHub\\sql_injection_detection\\myapp.log')}
2023-03-13 04:15:04,342 DEBUG 1 change detected: {(<Change.modified: 2>, 'C:\\Users\\Michael\\Documents\\GitHub\\sql_injection_detection\\myapp.log')}
2023-03-13 04:15:04,856 DEBUG 1 change detected: {(<Change.modified: 2>, 'C:\\Users\\Michael\\Documents\\GitHub\\sql_injection_detection\\myapp.log')}
2023-03-13 04:15:05,233 DEBUG 1 change detected: {(<Change.modified: 2>, 'C:\\Users\\Michael\\Documents\\GitHub\\sql_injection_detection\\myapp.log')}
2023-03-13 04:15:05,669 DEBUG 1 change detected: {(<Change.modified: 2>, 'C:\\Users\\Michael\\Documents\\GitHub\\sql_injection_detection\\myapp.log')}
2023-03-13 04:15:06,045 DEBUG 1 change detected: {(<Change.modified: 2>, 'C:\\Users\\Michael\\Documents\\GitHub\\sql_injection_detection\\myapp.log')}
2023-03-13 04:15:06,560 DEBUG 1 change detected: {(<Change.modified: 2>, 'C:\\Users\\Michael\\Documents\\GitHub\\sql_injection_detection\\myapp.log')}
2023-03-13 04:15:06,996 DEBUG 1 change detected: {(<Change.modified: 2>, 'C:\\Users\\Michael\\Documents\\GitHub\\sql_injection_detection\\myapp.log')}
2023-03-13 04:15:07,368 DEBUG 1 change detected: {(<Change.modified: 2>, 'C:\\Users\\Michael\\Documents\\GitHub\\sql_injection_detection\\myapp.log')}
2023-03-13 04:15:07,898 DEBUG 1 change detected: {(<Change.modified: 2>, 'C:\\Users\\Michael\\Documents\\GitHub\\sql_injection_detection\\myapp.log')}
2023-03-13 04:15:08,274 DEBUG 1 change detected: {(<Change.modified: 2>, 'C:\\Users\\Michael\\Documents\\GitHub\\sql_injection_detection\\myapp.log')}
2023-03-13 04:15:08,709 DEBUG 1 change detected: {(<Change.modified: 2>, 'C:\\Users\\Michael\\Documents\\GitHub\\sql_injection_detection\\myapp.log')}
2023-03-13 04:15:09,093 DEBUG 1 change detected: {(<Change.modified: 2>, 'C:\\Users\\Michael\\Documents\\GitHub\\sql_injection_detection\\myapp.log')}
